
<testsuite name='test.a_node_BusinessTest' tests='10' time='70.928' failures='0' skipped='0' target='file:/C:/Users/Antonella/git/osgi-platform/a_node_BusinessTest/generated/a_node_BusinessTest.jar' timestamp='2016-02-03T17:29:31' hostname='Anto' framework='org.apache.felix.framework [0]' errors='0' framework-version='4.4.1'>
  <properties>
    <property name='launch.activators' value=''/>
    <property name='java.runtime.name' value='Java(TM) SE Runtime Environment'/>
    <property name='launch.embedded' value='false'/>
    <property name='sun.boot.library.path' value='C:\Program Files\Java\jre7\bin'/>
    <property name='java.vm.version' value='24.60-b09'/>
    <property name='java.vm.vendor' value='Oracle Corporation'/>
    <property name='java.vendor.url' value='http://java.oracle.com/'/>
    <property name='path.separator' value=';'/>
    <property name='java.vm.name' value='Java HotSpot(TM) 64-Bit Server VM'/>
    <property name='file.encoding.pkg' value='sun.io'/>
    <property name='launch.timeout' value='0'/>
    <property name='user.country' value='IT'/>
    <property name='user.script' value=''/>
    <property name='sun.java.launcher' value='SUN_STANDARD'/>
    <property name='sun.os.patch.level' value=''/>
    <property name='launch.keep' value='false'/>
    <property name='java.vm.specification.name' value='Java Virtual Machine Specification'/>
    <property name='user.dir' value='C:\Users\Antonella\git\osgi-platform\a_node_BusinessTest'/>
    <property name='launch.bundles' value='C:\Users\Antonella\git\osgi-platform\a-node\generated\a-node.business.jar,C:\Users\Antonella\git\osgi-platform\a-node\generated\a-node.business.persistence.api.jar,C:\Users\Antonella\git\osgi-platform\a-node\generated\a-node.business.persistence.mongo.jar,C:\Users\Antonella\git\osgi-platform\a-node\generated\a-node.business.service.jar,C:\Users\Antonella\git\osgi-platform\a-node\generated\a-node.resource.uuid.api.jar,C:\Users\Antonella\git\osgi-platform\a-node\generated\a-node.resource.uuid.mongo.jar,C:\Users\Antonella\.bnd\cache\https%3A%2F%2Fraw.githubusercontent.com%2Fbndtools%2Fbundle-hub%2Fmaster%2Fbiz.aQute.junit\biz.aQute.junit-3.0.0.jar,C:\Users\Antonella\git\osgi-platform\db-test\generated\db-test.utils.jar,C:\Users\Antonella\.bnd\cache\http%3A%2F%2Frepository.amdatu.org%2Fdependencies%2Fde.undercouch.bson4jackson\de.undercouch.bson4jackson-1.3.0.jar,C:\Users\Antonella\.bnd\cache\http%3A%2F%2Frepository.amdatu.org%2Fdependencies%2Fjackson-core-asl\jackson-core-asl-1.9.8.jar,C:\Users\Antonella\.bnd\cache\http%3A%2F%2Frepository.amdatu.org%2Fdependencies%2Fjackson-mapper-asl\jackson-mapper-asl-1.9.8.jar,C:\Users\Antonella\.bnd\cache\http%3A%2F%2Frepository.amdatu.org%2Fdependencies%2Fnet.vz.mongodb.jackson.mongo-jackson-mapper\net.vz.mongodb.jackson.mongo-jackson-mapper-1.4.3.jar,C:\Users\Antonella\.bnd\cache\http%3A%2F%2Frepository.amdatu.org%2Fsnapshot%2Forg.amdatu.bndtools.test\org.amdatu.bndtools.test-1.1.0.jar,C:\Users\Antonella\.bnd\cache\http%3A%2F%2Frepository.amdatu.org%2Frelease%2Forg.amdatu.mongo\org.amdatu.mongo-1.1.2.jar,C:\Users\Antonella\.bnd\cache\http%3A%2F%2Frepository.amdatu.org%2Frelease%2Forg.amdatu.persistence2_1\org.amdatu.persistence2_1-1.0.0.jar,C:\Users\Antonella\.bnd\cache\http%3A%2F%2Frepository.amdatu.org%2Fdependencies%2Forg.apache.commons.codec\org.apache.commons.codec-1.7.0.jar,C:\Users\Antonella\.bnd\cache\https%3A%2F%2Fraw.githubusercontent.com%2Fbndtools%2Fbundle-hub%2Fmaster%2Forg.apache.felix.configadmin\org.apache.felix.configadmin-1.8.8.jar,C:\Users\Antonella\.bnd\cache\http%3A%2F%2Frepository.amdatu.org%2Fdependencies%2Forg.apache.felix.dependencymanager\org.apache.felix.dependencymanager-3.1.0.jar,C:\Users\Antonella\.bnd\cache\http%3A%2F%2Frepository.amdatu.org%2Fdependencies%2Forg.apache.felix.dependencymanager\org.apache.felix.dependencymanager-4.1.0.jar,C:\Users\Antonella\.bnd\cache\http%3A%2F%2Frepository.amdatu.org%2Fdependencies%2Forg.apache.felix.log\org.apache.felix.log-1.0.1.jar,C:\Users\Antonella\.bnd\cache\https%3A%2F%2Fraw.githubusercontent.com%2Fbndtools%2Fbundle-hub%2Fmaster%2Forg.apache.felix.metatype\org.apache.felix.metatype-1.1.2.jar,C:\Users\Antonella\.bnd\cache\http%3A%2F%2Frepository.amdatu.org%2Fdependencies%2Forg.apache.geronimo.specs.geronimo-jta_1.1_spec\org.apache.geronimo.specs.geronimo-jta_1.1_spec-1.1.1.jar,C:\Users\Antonella\git\osgi-platform\cnf\localrepo\org.apache.servicemix.bundles.aws-java-sdk\org.apache.servicemix.bundles.aws-java-sdk-1.10.29.jar,C:\Users\Antonella\.bnd\cache\http%3A%2F%2Frepository.amdatu.org%2Fdependencies%2Forg.mongodb.mongo-java-driver\org.mongodb.mongo-java-driver-2.13.3.jar,C:\Users\Antonella\.bnd\cache\https%3A%2F%2Fraw.githubusercontent.com%2Fbndtools%2Fbundle-hub%2Fmaster%2Fosgi.residential\osgi.residential-4.3.0.jar,C:\Users\Antonella\git\osgi-platform\a_node_BusinessTest\generated\a_node_BusinessTest.jar'/>
    <property name='java.runtime.version' value='1.7.0_60-b19'/>
    <property name='java.awt.graphicsenv' value='sun.awt.Win32GraphicsEnvironment'/>
    <property name='java.endorsed.dirs' value='C:\Program Files\Java\jre7\lib\endorsed'/>
    <property name='os.arch' value='amd64'/>
    <property name='java.io.tmpdir' value='C:\Users\ANTONE~1\AppData\Local\Temp\'/>
    <property name='line.separator' value='
'/>
    <property name='java.vm.specification.vendor' value='Oracle Corporation'/>
    <property name='user.variant' value=''/>
    <property name='os.name' value='Windows 8.1'/>
    <property name='launch.name' value='a_node_BusinessTest'/>
    <property name='sun.jnu.encoding' value='Cp1252'/>
    <property name='java.library.path' value='C:\Program Files\Java\jre7\bin;C:\WINDOWS\Sun\Java\bin;C:\WINDOWS\system32;C:\WINDOWS;C:/Program Files/Java/jre1.8.0_25/bin/server;C:/Program Files/Java/jre1.8.0_25/bin;C:/Program Files/Java/jre1.8.0_25/lib/amd64;C:\ProgramData\Oracle\Java\javapath;C:\WINDOWS\system32;C:\WINDOWS;C:\WINDOWS\System32\Wbem;C:\WINDOWS\System32\WindowsPowerShell\v1.0\;C:\Program Files (x86)\Skype\Phone\;C:\Eclipse\eclipse-jee-mars-R-win32-x86_64\eclipse;;.'/>
    <property name='launcher.properties' value='C:\Users\Antonella\git\osgi-platform\a_node_BusinessTest\generated\launch5278752775099781144.properties'/>
    <property name='java.specification.name' value='Java Platform API Specification'/>
    <property name='java.class.version' value='51.0'/>
    <property name='launch.storage.dir' value='C:\Users\Antonella\git\osgi-platform\a_node_BusinessTest\generated\fw'/>
    <property name='sun.management.compiler' value='HotSpot 64-Bit Tiered Compilers'/>
    <property name='os.version' value='6.3'/>
    <property name='user.home' value='C:\Users\Antonella'/>
    <property name='user.timezone' value='Europe/Berlin'/>
    <property name='java.awt.printerjob' value='sun.awt.windows.WPrinterJob'/>
    <property name='file.encoding' value='Cp1252'/>
    <property name='java.specification.version' value='1.7'/>
    <property name='java.class.path' value='C:\Users\Antonella\.bnd\cache\https%3A%2F%2Fraw.githubusercontent.com%2Fbndtools%2Fbundle-hub%2Fmaster%2Forg.apache.felix.framework\org.apache.felix.framework-4.4.1.jar;C:\Users\Antonella\git\osgi-platform\cnf\cache\biz.aQute.launcher\biz.aQute.launcher-latest.jar'/>
    <property name='user.name' value='Antonella'/>
    <property name='java.vm.specification.version' value='1.7'/>
    <property name='sun.java.command' value='aQute.launcher.Launcher'/>
    <property name='java.home' value='C:\Program Files\Java\jre7'/>
    <property name='sun.arch.data.model' value='64'/>
    <property name='user.language' value='it'/>
    <property name='java.specification.vendor' value='Oracle Corporation'/>
    <property name='awt.toolkit' value='sun.awt.windows.WToolkit'/>
    <property name='java.vm.info' value='mixed mode'/>
    <property name='launch.services' value='true'/>
    <property name='launch.noreferences' value='false'/>
    <property name='java.version' value='1.7.0_60'/>
    <property name='launch.notificationPort' value='54023'/>
    <property name='java.ext.dirs' value='C:\Program Files\Java\jre7\lib\ext;C:\WINDOWS\Sun\Java\lib\ext'/>
    <property name='sun.boot.class.path' value='C:\Program Files\Java\jre7\lib\resources.jar;C:\Program Files\Java\jre7\lib\rt.jar;C:\Program Files\Java\jre7\lib\sunrsasign.jar;C:\Program Files\Java\jre7\lib\jsse.jar;C:\Program Files\Java\jre7\lib\jce.jar;C:\Program Files\Java\jre7\lib\charsets.jar;C:\Program Files\Java\jre7\lib\jfr.jar;C:\Program Files\Java\jre7\classes'/>
    <property name='java.vendor' value='Oracle Corporation'/>
    <property name='file.separator' value='\'/>
    <property name='java.vendor.url.bug' value='http://bugreport.sun.com/bugreport/'/>
    <property name='sun.io.unicode.encoding' value='UnicodeLittle'/>
    <property name='sun.cpu.endian' value='little'/>
    <property name='launch.trace' value='false'/>
    <property name='launch.system.packages' value='sun.reflect,org.osgi.framework;version="1.7",org.osgi.framework.hooks.bundle;version="1.1";uses:="org.osgi.framework",org.osgi.framework.hooks.resolver;version="1.0";uses:="org.osgi.framework.wiring",org.osgi.framework.hooks.service;version="1.1";uses:="org.osgi.framework",org.osgi.framework.hooks.weaving;version="1.0";uses:="org.osgi.framework.wiring",org.osgi.framework.launch;version="1.1";uses:="org.osgi.framework",org.osgi.framework.namespace;version="1.0";uses:="org.osgi.resource",org.osgi.framework.startlevel;version="1.0";uses:="org.osgi.framework",org.osgi.framework.wiring;version="1.1";uses:="org.osgi.framework,org.osgi.resource",org.osgi.resource;version="1.0",org.osgi.service.packageadmin;version="1.2";uses:="org.osgi.framework",org.osgi.service.startlevel;version="1.1";uses:="org.osgi.framework",org.osgi.service.url;version="1.0",org.osgi.util.tracker;version="1.5.1";uses:="org.osgi.framework"'/>
    <property name='sun.desktop' value='windows'/>
    <property name='sun.cpu.isalist' value='amd64'/>
  </properties>
  <testcase name='testDeleteBusiness' time='18.516' classname='a_node_BusinessTest.MongoTest'>
    <system-out>
      CREATO Business with UUID 02fdc3c2-2fda-429d-90c3-e0666d71d29a
      
testDeleteBusiness
 

 DeletedBusiness - notNull - it.hash.osgi.business.Business@7ed55f5e
    </system-out>
  </testcase>
  <testcase name='testFindBusiness' time='26.646' classname='a_node_BusinessTest.MongoTest'>
    <system-out>
      CREATO Business with UUID 1b2c4163-5ac9-4624-abe6-0ded8d134c53
      
 TESTFINDBUSINESS -
 BusinessName notNull - it.hash.osgi.business.Business@69c24b9b
      
 TESTFINDBUSINESS - CodiceFiscaleMNT
codiceFiscale notNull
       - it.hash.osgi.business.Business@69c24b9b
    </system-out>
  </testcase>
  <testcase name='testAddBusinessMap' time='10.448' classname='a_node_BusinessTest.MongoTest'>
    <system-out>
      CREATO Business with UUID 2a24963b-d2d9-4a69-b9d4-4ef57b495f80
      
 Business created - false false già esiste!!!
    </system-out>
  </testcase>
  <testcase name='testAddBusiness' time='4.902' classname='a_node_BusinessTest.MongoTest'>
    <system-out>
      CREATO Business with UUID 260aba75-cebc-4cf1-ba74-30e6faa424a0
      
 TEST ADD BUSINESS - NON ESISTENTE
true - true
TestAddBusiness
       - not null - it.hash.osgi.business.Business@b479a70
    </system-out>
  </testcase>
  <testcase name='testUguali' time='10.373' classname='a_node_BusinessTest.MongoTest'>
    <system-out>
      CREATO Business with UUID 5245d229-f596-4a64-bc39-c5b5015e0091
      
Confronto di 5245d229-f596-4a64-bc39-c5b5015e0091
 uguali
       - True - true
    </system-out>
  </testcase>
</testsuite>